<?xml version="1.0" encoding="UTF-8"?>
<!-- Generated by org.testng.reporters.JUnitReportReporter -->
<testsuite hostname="DESKTOP-3F9F9KG" failures="0" tests="1" name="tests.SearchGoogleTest" time="21.824" errors="0" timestamp="2023-01-26T17:56:33 EET" skipped="0">
  <testcase classname="tests.SearchGoogleTest" name="searchGoogleTest1" time="21.824"/>
  <system-out/>
</testsuite> <!-- tests.SearchGoogleTest -->
